当前进度: [初始化状态-收到0x1210] 数据体对象:{
	终端-报警附件信息消息:[69643030303033696430303030332411280959130005006d655f363500000000000000000000000000000000000000000000000000000000051630305f36355f363530335f305f6d655f36352e6a7067000046de1630305f36355f363530335f315f6d655f36352e6a70670000472e1630305f36355f363530335f325f6d655f36352e6a7067000046f21630335f36355f363530335f335f6d655f36352e62696e000000c01630325f36355f363530335f345f6d655f36352e6d70340005ded0]
	[69643030303033] 终端ID:[id00003]
	报警标识{
		 [69643030303033]终端ID:[id00003]
		 [241128095913]时间:[2024-11-28 09:59:13]
		 [00]序号:[0]
		 [05]附件数量:[5]
		 [00]预留:[0]
	}
	[0000000000000000000000000000000000000000000000000000006d655f3635] 平台给报警分配的唯一编号:[me_65]
	[00] 信息类型:[0] 0x00-正常报警文件信息 0x01-补传报警文件信息
	[05] 附件数量:[5]
	附件信息列表:
	{
		文件名称长度:[22]
		文件名称:[00_65_6503_0_me_65.jpg]
		当前文件大小:[18142]单位byte
	}
	{
		文件名称长度:[22]
		文件名称:[00_65_6503_1_me_65.jpg]
		当前文件大小:[18222]单位byte
	}
	{
		文件名称长度:[22]
		文件名称:[00_65_6503_2_me_65.jpg]
		当前文件大小:[18162]单位byte
	}
	{
		文件名称长度:[22]
		文件名称:[03_65_6503_3_me_65.bin]
		当前文件大小:[192]单位byte
	}
	{
		文件名称长度:[22]
		文件名称:[02_65_6503_4_me_65.mp4]
		当前文件大小:[384720]单位byte
	}

}
	平台回复的 [7e800140050100000000020232609559000001b0121000e87e]


当前进度: [开始状态-收到0x1211] 数据体对象:{
	终端-文件信息上传:[1630305f36355f363530335f305f6d655f36352e6a706700000046de]
	[16] 文件名称长度:[22]
	[30305f36355f363530335f305f6d655f36352e6a7067] 文件名称:[00_65_6503_0_me_65.jpg]
	[00] 文件类型:[0] 0x00-图片 0x01-音频 0x02-视频 0x03-文本 0x04-其他
	[46de] 当前文件大小:[18142] 单位byte
}
	平台回复的 [7e800140050100000000020232609559000101b1121100e97e]

当前进度: [文件码流数据收集完成]  目前传输文件整体进度:
name=[00_65_6503_1_me_65.jpg] progres=[0/18222]
name=[00_65_6503_2_me_65.jpg] progres=[0/18162]
name=[03_65_6503_3_me_65.bin] progres=[0/192]
name=[02_65_6503_4_me_65.mp4] progres=[0/384720]
name=[00_65_6503_0_me_65.jpg] progres=[18142/18142]

当前进度: [完成状态-收到0x1212 并且没有需要补传的] 数据体对象:{
	终端-文件信息上传:[1630305f36355f363530335f305f6d655f36352e6a706700000046de]
	[16] 文件名称长度:[22]
	[30305f36355f363530335f305f6d655f36352e6a7067] 文件名称:[00_65_6503_0_me_65.jpg]
	[00] 文件类型:[0] 0x00-图片 0x01-音频 0x02-视频 0x03-文本 0x04-其他
	[46de] 当前文件大小:[18142] 单位byte
}
	平台回复的 [7e9212401a010000000002023260955900021630305f36355f363530335f305f6d655f36352e6a7067000000657e]

当前进度: [开始状态-收到0x1211] 数据体对象:{
	终端-文件信息上传:[1630305f36355f363530335f315f6d655f36352e6a7067000000472e]
	[16] 文件名称长度:[22]
	[30305f36355f363530335f315f6d655f36352e6a7067] 文件名称:[00_65_6503_1_me_65.jpg]
	[00] 文件类型:[0] 0x00-图片 0x01-音频 0x02-视频 0x03-文本 0x04-其他
	[472e] 当前文件大小:[18222] 单位byte
}
	平台回复的 [7e800140050100000000020232609559000301b3121100e97e]

当前进度: [文件码流数据收集完成]  目前传输文件整体进度:
name=[00_65_6503_2_me_65.jpg] progres=[0/18162]
name=[03_65_6503_3_me_65.bin] progres=[0/192]
name=[02_65_6503_4_me_65.mp4] progres=[0/384720]
name=[00_65_6503_0_me_65.jpg] progres=[18142/18142]
name=[00_65_6503_1_me_65.jpg] progres=[18222/18222]

当前进度: [完成状态-收到0x1212 并且没有需要补传的] 数据体对象:{
	终端-文件信息上传:[1630305f36355f363530335f315f6d655f36352e6a7067000000472e]
	[16] 文件名称长度:[22]
	[30305f36355f363530335f315f6d655f36352e6a7067] 文件名称:[00_65_6503_1_me_65.jpg]
	[00] 文件类型:[0] 0x00-图片 0x01-音频 0x02-视频 0x03-文本 0x04-其他
	[472e] 当前文件大小:[18222] 单位byte
}
	平台回复的 [7e9212401a010000000002023260955900041630305f36355f363530335f315f6d655f36352e6a7067000000627e]

当前进度: [开始状态-收到0x1211] 数据体对象:{
	终端-文件信息上传:[1630305f36355f363530335f325f6d655f36352e6a706700000046f2]
	[16] 文件名称长度:[22]
	[30305f36355f363530335f325f6d655f36352e6a7067] 文件名称:[00_65_6503_2_me_65.jpg]
	[00] 文件类型:[0] 0x00-图片 0x01-音频 0x02-视频 0x03-文本 0x04-其他
	[46f2] 当前文件大小:[18162] 单位byte
}
	平台回复的 [7e800140050100000000020232609559000501b5121100e97e]

当前进度: [文件码流数据收集完成]  目前传输文件整体进度:
name=[00_65_6503_0_me_65.jpg] progres=[18142/18142]
name=[00_65_6503_1_me_65.jpg] progres=[18222/18222]
name=[00_65_6503_2_me_65.jpg] progres=[18162/18162]
name=[03_65_6503_3_me_65.bin] progres=[0/192]
name=[02_65_6503_4_me_65.mp4] progres=[0/384720]

当前进度: [完成状态-收到0x1212 并且没有需要补传的] 数据体对象:{
	终端-文件信息上传:[1630305f36355f363530335f325f6d655f36352e6a706700000046f2]
	[16] 文件名称长度:[22]
	[30305f36355f363530335f325f6d655f36352e6a7067] 文件名称:[00_65_6503_2_me_65.jpg]
	[00] 文件类型:[0] 0x00-图片 0x01-音频 0x02-视频 0x03-文本 0x04-其他
	[46f2] 当前文件大小:[18162] 单位byte
}
	平台回复的 [7e9212401a010000000002023260955900061630305f36355f363530335f325f6d655f36352e6a7067000000637e]

当前进度: [开始状态-收到0x1211] 数据体对象:{
	终端-文件信息上传:[1630335f36355f363530335f335f6d655f36352e62696e03000000c0]
	[16] 文件名称长度:[22]
	[30335f36355f363530335f335f6d655f36352e62696e] 文件名称:[03_65_6503_3_me_65.bin]
	[03] 文件类型:[3] 0x00-图片 0x01-音频 0x02-视频 0x03-文本 0x04-其他
	[c0] 当前文件大小:[192] 单位byte
}
	平台回复的 [7e800140050100000000020232609559000701b7121100e97e]

当前进度: [文件码流数据收集完成]  目前传输文件整体进度:
name=[00_65_6503_0_me_65.jpg] progres=[18142/18142]
name=[00_65_6503_1_me_65.jpg] progres=[18222/18222]
name=[00_65_6503_2_me_65.jpg] progres=[18162/18162]
name=[03_65_6503_3_me_65.bin] progres=[192/192]
name=[02_65_6503_4_me_65.mp4] progres=[0/384720]

当前进度: [完成状态-收到0x1212 并且没有需要补传的] 数据体对象:{
	终端-文件信息上传:[1630335f36355f363530335f335f6d655f36352e62696e03000000c0]
	[16] 文件名称长度:[22]
	[30335f36355f363530335f335f6d655f36352e62696e] 文件名称:[03_65_6503_3_me_65.bin]
	[03] 文件类型:[3] 0x00-图片 0x01-音频 0x02-视频 0x03-文本 0x04-其他
	[c0] 当前文件大小:[192] 单位byte
}
	平台回复的 [7e9212401a010000000002023260955900081630335f36355f363530335f335f6d655f36352e62696e030000747e]

当前进度: [开始状态-收到0x1211] 数据体对象:{
	终端-文件信息上传:[1630325f36355f363530335f345f6d655f36352e6d7034020005ded0]
	[16] 文件名称长度:[22]
	[30325f36355f363530335f345f6d655f36352e6d7034] 文件名称:[02_65_6503_4_me_65.mp4]
	[02] 文件类型:[2] 0x00-图片 0x01-音频 0x02-视频 0x03-文本 0x04-其他
	[5ded0] 当前文件大小:[384720] 单位byte
}
	平台回复的 [7e800140050100000000020232609559000901b9121100e97e]

当前进度: [文件码流数据收集中]  文件传输中[02_65_6503_4_me_65.mp4] 进度[65536/384720] 偏移[0]
当前进度: [文件码流数据收集中]  文件传输中[02_65_6503_4_me_65.mp4] 进度[131072/384720] 偏移[65536]
当前进度: [文件码流数据收集中]  文件传输中[02_65_6503_4_me_65.mp4] 进度[196608/384720] 偏移[131072]
当前进度: [文件码流数据收集中]  文件传输中[02_65_6503_4_me_65.mp4] 进度[262144/384720] 偏移[196608]
当前进度: [文件码流数据收集中]  文件传输中[02_65_6503_4_me_65.mp4] 进度[327680/384720] 偏移[262144]
当前进度: [文件码流数据收集完成]  目前传输文件整体进度:
name=[00_65_6503_1_me_65.jpg] progres=[18222/18222]
name=[00_65_6503_2_me_65.jpg] progres=[18162/18162]
name=[03_65_6503_3_me_65.bin] progres=[192/192]
name=[02_65_6503_4_me_65.mp4] progres=[384720/384720]
name=[00_65_6503_0_me_65.jpg] progres=[18142/18142]

当前进度: [完成状态-收到0x1212 并且没有需要补传的] 数据体对象:{
	终端-文件信息上传:[1630325f36355f363530335f345f6d655f36352e6d7034020005ded0]
	[16] 文件名称长度:[22]
	[30325f36355f363530335f345f6d655f36352e6d7034] 文件名称:[02_65_6503_4_me_65.mp4]
	[02] 文件类型:[2] 0x00-图片 0x01-音频 0x02-视频 0x03-文本 0x04-其他
	[5ded0] 当前文件大小:[384720] 单位byte
}
	平台回复的 [7e9212401a0100000000020232609559000a1630325f36355f363530335f345f6d655f36352e6d70340200003d7e]

当前进度: [成功退出状态-所有的文件都接收完成]  文件传输成功 开始保存 保存数量[5]
保存文件[./20232609559/00_65_6503_1_me_65.jpg] 文件大小[18222 byte] 保存情况[<nil>]
保存文件[./20232609559/00_65_6503_2_me_65.jpg] 文件大小[18162 byte] 保存情况[<nil>]
保存文件[./20232609559/03_65_6503_3_me_65.bin] 文件大小[192 byte] 保存情况[<nil>]
保存文件[./20232609559/02_65_6503_4_me_65.mp4] 文件大小[384720 byte] 保存情况[<nil>]
保存文件[./20232609559/00_65_6503_0_me_65.jpg] 文件大小[18142 byte] 保存情况[<nil>]

