终端加入: 20232609559
回复的报文 平台-注册应答: [7e8100400e0100000000020232609559000001a2003230323332363039353539c47e]
读到的报文 终端-注册鉴权: [7e0102402f010000000002023260955901a30b3230323332363039353539696d65693030303030330000000000312e302e32000000000000000000000000000000557e]
回复的报文 平台-通用应答: [7e800140050100000000020232609559000101a3010200fb7e]
读到的报文 终端-心跳: [7e00024000010000000002023260955901a4787e]
回复的报文 平台-通用应答: [7e800140050100000000020232609559000201a4000200fe7e]
读到的报文 终端-心跳: [7e00024000010000000002023260955901a5797e]
回复的报文 平台-通用应答: [7e800140050100000000020232609559000301a5000200fe7e]
读到的报文 终端-心跳: [7e00024000010000000002023260955901a67a7e]
回复的报文 平台-通用应答: [7e800140050100000000020232609559000401a6000200fa7e]
读到的报文 终端-心跳: [7e00024000010000000002023260955901a77b7e]
回复的报文 平台-通用应答: [7e800140050100000000020232609559000501a7000200fa7e]
读到的报文 终端-心跳: [7e00024000010000000002023260955901a8747e]
回复的报文 平台-通用应答: [7e800140050100000000020232609559000601a8000200f67e]
读到的报文 终端-位置上报: [7e02004032010000000002023260955901a900000000004c100301dfd622073d6cdc006402580000241128095901010400000085020201e3250400000000300108310109897e]
回复的报文 平台-通用应答: [7e800140050100000000020232609559000701a9020000f67e]
读到的报文 终端-心跳: [7e00024000010000000002023260955901aa767e]
回复的报文 平台-通用应答: [7e800140050100000000020232609559000801aa000200fa7e]
读到的报文 终端-位置上报: [7e02004032010000000002023260955901ab00000000004c100301dfd816073d6ed0006402590000241128095911010400000087020201e3250400000000300108310109ac7e]
回复的报文 平台-通用应答: [7e800140050100000000020232609559000901ab020000fa7e]
读到的报文 终端-心跳: [7e00024000010000000002023260955901ac707e]
回复的报文 平台-通用应答: [7e800140050100000000020232609559000a01ac000200fe7e]
读到的报文 终端-位置上报: [7e02004066010000000002023260955901ad00000002004c100301dfda0a073d70c40064025a0000241128095921010400000089020201e2250400000000300108310109110100652f0000000900030101000000003c006401dfd816073d6ed0241128095911040169643030303033241128095913000500747e]
回复的报文 平台-通用应答: [7e800140050100000000020232609559000b01ad020000fe7e]
0x65附件信息: 	报警ID:[9] 从0开始循环 不区分报警类型
	标志状态:[0] 0x00-不可用 0x01-开始标志 0x02-结束标志
	报警事件类型:[3] 抽烟报警
	报警级别:[1] 0x01:一级报警 0x02:二级报警
	疲劳程度:[1] 单位:km/h 1-10 数值越大越疲劳 仅在报警类型0x01生效 不可用时0x00
	预留:[00000000]
	车速:[60] 单位:km/h 范围0-250
	海拔高度:[100] 单位米(m)
	纬度:[31447062] 以度为单位的纬度值乘以 10 的 6 次方，精确到百万分之一度
	经度:[121466576] 以度为单位的经度值乘以 10 的 6 次方，精确到百万分之一度
	时间:[2024-11-28 09:59:11] 时间 YY-MM-DD-hh-mm-ss（GMT+8 时间，本标准中之后涉及的时间均采用此时区）
	车辆状态:[1025] {
		 ACC: [true]
		 左转向状态: [false]
		 右转向状态: [false]
		 雨刮器状态: [false]
		 制动状态: [false]
		 插卡状态: [false]
		 定位状态: [true]
	}
	报警标识{
		 [69643030303033]终端ID:[id00003]
		 [241128095913]时间:[2024-11-28 09:59:13]
		 [00]序号:[0]
		 [05]附件数量:[5]
		 [00]预留:[0]
	}
读到的报文 终端-通用应答: [7e00014005010000000002023260955901ae000c920800e27e]
主动发送的报文 平台-报警附件上传指令: [7e9208404e0100000000020232609559000c093132372e302e302e3142790000696430303030332411280959130005006d655f3635000000000000000000000000000000000000000000000000000000000000000000000000000000000000002f7e]
0x65 9208回复成功 7e00014005010000000002023260955901ae000c920800e27e
读到的报文 终端-心跳: [7e00024000010000000002023260955901ba667e]
回复的报文 平台-通用应答: [7e800140050100000000020232609559000d01ba000200ef7e]
读到的报文 终端-位置上报: [7e02004035010000000002023260955901bc00000002004c100301dfdbfe073d72b80064025b000024112809593101040000008a020201e22504000000003001083101091101001f7e]
回复的报文 平台-通用应答: [7e800140050100000000020232609559000e01bc020000ea7e]
读到的报文 终端-心跳: [7e00024000010000000002023260955901bd617e]
回复的报文 平台-通用应答: [7e800140050100000000020232609559000f01bd000200ea7e]
读到的报文 终端-位置上报: [7e02004035010000000002023260955901be00000002004c100301dfddf2073d74ac0064025c000024112809594101040000008c020201e2250400000000300108310109110100747e]
回复的报文 平台-通用应答: [7e800140050100000000020232609559001001be020000f67e]
读到的报文 终端-心跳: [7e00024000010000000002023260955901bf637e]
回复的报文 平台-通用应答: [7e800140050100000000020232609559001101bf000200f67e]
读到的报文 终端-位置上报: [7e02004035010000000002023260955901c000000002004c100301dfdfe6073d76a00064025d000024112809595101040000008e020201e2250400000000300108310109110100017e]
回复的报文 平台-通用应答: [7e800140050100000000020232609559001201c00200008a7e]
读到的报文 终端-心跳: [7e00024000010000000002023260955901c11d7e]
回复的报文 平台-通用应答: [7e800140050100000000020232609559001301c10002008a7e]
读到的报文 终端-心跳: [7e00024000010000000002023260955901c21e7e]
回复的报文 平台-通用应答: [7e800140050100000000020232609559001401c20002008e7e]
读到的报文 终端-心跳: [7e00024000010000000002023260955901c31f7e]
回复的报文 平台-通用应答: [7e800140050100000000020232609559001501c30002008e7e]
读到的报文 终端-心跳: [7e00024000010000000002023260955901c4187e]
回复的报文 平台-通用应答: [7e800140050100000000020232609559001601c40002008a7e]
读到的报文 终端-心跳: [7e00024000010000000002023260955901c5197e]
回复的报文 平台-通用应答: [7e800140050100000000020232609559001701c50002008a7e]
读到的报文 终端-心跳: [7e00024000010000000002023260955901c61a7e]
回复的报文 平台-通用应答: [7e800140050100000000020232609559001801c6000200867e]
读到的报文 终端-心跳: [7e00024000010000000002023260955901c71b7e]
回复的报文 平台-通用应答: [7e800140050100000000020232609559001901c7000200867e]
读到的报文 终端-心跳: [7e00024000010000000002023260955901c8147e]
回复的报文 平台-通用应答: [7e800140050100000000020232609559001a01c80002008a7e]
读到的报文 终端-心跳: [7e00024000010000000002023260955901c9157e]
回复的报文 平台-通用应答: [7e800140050100000000020232609559001b01c90002008a7e]
读到的报文 终端-心跳: [7e00024000010000000002023260955901ca167e]
回复的报文 平台-通用应答: [7e800140050100000000020232609559001c01ca0002008e7e]
读到的报文 终端-心跳: [7e00024000010000000002023260955901cb177e]
回复的报文 平台-通用应答: [7e800140050100000000020232609559001d01cb0002008e7e]
读到的报文 终端-心跳: [7e00024000010000000002023260955901cc107e]
回复的报文 平台-通用应答: [7e800140050100000000020232609559001e01cc0002008a7e]
终端离开: 20232609559
